2017/08/02 11:27:10 CONNECTION  : [TOKEN]GMWJGSAPGATLMODYLUMG
2017/08/02 11:27:10 CONNECTION :  [MONGODB] 
2017/08/02 11:27:10 CONNECTION: [FUNCTION][CREANDO CONEXION POR CREDENCIALES ]
2017/08/02 11:27:10 --> TOKEN  : GMWJGSAPGATLMODYLUMG
2017/08/02 11:27:10 -->	USUARIO  : [ubuntu]
2017/08/02 11:27:10 --> TOKEN  : GMWJGSAPGATLMODYLUMG
2017/08/02 11:27:10 -->	PASSWORD  : [xxxxx...]
2017/08/02 11:27:10 --> TOKEN  : GMWJGSAPGATLMODYLUMG
2017/08/02 11:27:10 -->	DATABASE : [admin]
2017/08/02 11:27:10 --> TOKEN  : GMWJGSAPGATLMODYLUMG
2017/08/02 11:27:10 --> ADDR ::27017
2017/08/02 11:27:10 --> TOKEN  : GMWJGSAPGATLMODYLUMG
2017/08/02 11:27:10 --> ADDR :ec2-13-59-216-199.us-east-2.compute.amazonaws.com:27017
2017/08/02 11:27:11 --> TOKEN  : GMWJGSAPGATLMODYLUMG
2017/08/02 11:27:11 --> ADDR ::27017
2017/08/02 11:27:13 --> TOKEN  : GMWJGSAPGATLMODYLUMG
2017/08/02 11:27:13 --> ADDR ::27017
2017/08/02 11:27:25 --> TOKEN  : GMWJGSAPGATLMODYLUMG
2017/08/02 11:27:25 --> ADDR :ec2-13-59-216-199.us-east-2.compute.amazonaws.com:27017
2017/08/02 11:27:31 --> TOKEN  : GMWJGSAPGATLMODYLUMG
2017/08/02 11:27:31 --> ADDR :ec2-13-59-216-199.us-east-2.compute.amazonaws.com:27017
2017/08/02 11:27:53 --> TOKEN  : GMWJGSAPGATLMODYLUMG
2017/08/02 11:27:53 --> ADDR :ec2-13-59-216-199.us-east-2.compute.amazonaws.com:27017
2017/08/02 11:28:01 --> TOKEN  : GMWJGSAPGATLMODYLUMG
2017/08/02 11:28:01 --> ADDR :ec2-13-59-216-199.us-east-2.compute.amazonaws.com:27017
2017/08/02 11:28:14 CONNECTION  : [TOKEN]GMWJGSAPGATLMODYLUMG
2017/08/02 11:28:14 CONNECTION :  [MONGODB] 
2017/08/02 11:28:14 ERROR CAUSE : [no reachable servers]
2017/08/02 11:28:14 CONNECTION  : [TOKEN]GMWJGSAPGATLMODYLUMG
2017/08/02 11:28:14 CONNECTION :  [MONGODB] 
2017/08/02 11:28:14 ERROR CAUSE : [no reachable servers]
2017/08/02 11:28:14 CONNECTION  : [TOKEN]GMWJGSAPGATLMODYLUMG
2017/08/02 11:28:14 CONNECTION :  [MONGODB] 
2017/08/02 11:28:14 CONNECTION: [ERROR][CONN NO SE PUEDE COMUNICAR]
2017/08/02 11:28:14 --> TOKEN  : GMWJGSAPGATLMODYLUMG
2017/08/02 11:28:14 ---> FindBy : [No se pudo ejecutar debido a que la conexion fue rechazada]  --> PARAM 1 :test  --> PARAM 2 :people


2017/08/02 11:29:14 CONNECTION  : [TOKEN]GMWJGSAPGATLMODYLUMG
2017/08/02 11:29:14 CONNECTION :  [MONGODB] 
2017/08/02 11:29:14 CONNECTION: [FUNCTION][CREANDO CONEXION POR CREDENCIALES ]
2017/08/02 11:29:14 --> TOKEN  : GMWJGSAPGATLMODYLUMG
2017/08/02 11:29:14 -->	USUARIO  : [ubuntu]
2017/08/02 11:29:14 --> TOKEN  : GMWJGSAPGATLMODYLUMG
2017/08/02 11:29:14 -->	PASSWORD  : [xxxxx...]
2017/08/02 11:29:14 --> TOKEN  : GMWJGSAPGATLMODYLUMG
2017/08/02 11:29:14 -->	DATABASE : [admin]
2017/08/02 11:29:14 --> TOKEN  : GMWJGSAPGATLMODYLUMG
2017/08/02 11:29:14 --> ADDR ::27017
2017/08/02 11:29:14 --> TOKEN  : GMWJGSAPGATLMODYLUMG
2017/08/02 11:29:14 --> ADDR :ec2-13-59-216-199.us-east-2.compute.amazonaws.com:27017
2017/08/02 11:29:16 --> TOKEN  : GMWJGSAPGATLMODYLUMG
2017/08/02 11:29:16 --> ADDR ::27017
2017/08/02 11:29:17 --> TOKEN  : GMWJGSAPGATLMODYLUMG
2017/08/02 11:29:17 --> ADDR ::27017
2017/08/02 11:29:29 --> TOKEN  : GMWJGSAPGATLMODYLUMG
2017/08/02 11:29:29 --> ADDR :ec2-13-59-216-199.us-east-2.compute.amazonaws.com:27017
2017/08/02 11:29:36 --> TOKEN  : GMWJGSAPGATLMODYLUMG
2017/08/02 11:29:36 --> ADDR :ec2-13-59-216-199.us-east-2.compute.amazonaws.com:27017
2017/08/02 11:29:57 --> TOKEN  : GMWJGSAPGATLMODYLUMG
2017/08/02 11:29:57 --> ADDR :ec2-13-59-216-199.us-east-2.compute.amazonaws.com:27017
2017/08/02 11:30:05 --> TOKEN  : GMWJGSAPGATLMODYLUMG
2017/08/02 11:30:05 --> ADDR :ec2-13-59-216-199.us-east-2.compute.amazonaws.com:27017
2017/08/02 11:30:19 CONNECTION  : [TOKEN]GMWJGSAPGATLMODYLUMG
2017/08/02 11:30:19 CONNECTION :  [MONGODB] 
2017/08/02 11:30:19 ERROR CAUSE : [no reachable servers]
2017/08/02 11:30:19 CONNECTION  : [TOKEN]GMWJGSAPGATLMODYLUMG
2017/08/02 11:30:19 CONNECTION :  [MONGODB] 
2017/08/02 11:30:19 ERROR CAUSE : [no reachable servers]
2017/08/02 11:30:19 CONNECTION  : [TOKEN]GMWJGSAPGATLMODYLUMG
2017/08/02 11:30:19 CONNECTION :  [MONGODB] 
2017/08/02 11:30:19 CONNECTION: [ERROR][CONN NO SE PUEDE COMUNICAR]
2017/08/02 11:30:19 --> TOKEN  : GMWJGSAPGATLMODYLUMG
2017/08/02 11:30:19 ---> FindBy : [No se pudo ejecutar debido a que la conexion fue rechazada]
 --> PARAM 1 :test
 --> PARAM 2 :people


2017/08/02 11:30:59 CONNECTION  : [TOKEN]GMWJGSAPGATLMODYLUMG
2017/08/02 11:30:59 CONNECTION :  [MONGODB] 
2017/08/02 11:30:59 CONNECTION: [FUNCTION][CREANDO CONEXION POR CREDENCIALES ]
2017/08/02 11:30:59 --> TOKEN  : GMWJGSAPGATLMODYLUMG
2017/08/02 11:30:59 -->	USUARIO  : [ubuntu]
2017/08/02 11:30:59 --> TOKEN  : GMWJGSAPGATLMODYLUMG
2017/08/02 11:30:59 -->	PASSWORD  : [xxxxx...]
2017/08/02 11:30:59 --> TOKEN  : GMWJGSAPGATLMODYLUMG
2017/08/02 11:30:59 -->	DATABASE : [admin]
2017/08/02 11:30:59 --> TOKEN  : GMWJGSAPGATLMODYLUMG
2017/08/02 11:30:59 --> ADDR ::27017
2017/08/02 11:30:59 --> TOKEN  : GMWJGSAPGATLMODYLUMG
2017/08/02 11:30:59 --> ADDR :ec2-13-59-216-199.us-east-2.compute.amazonaws.com:27017
2017/08/02 11:31:00 --> TOKEN  : GMWJGSAPGATLMODYLUMG
2017/08/02 11:31:00 --> ADDR ::27017
2017/08/02 11:31:02 --> TOKEN  : GMWJGSAPGATLMODYLUMG
2017/08/02 11:31:02 --> ADDR ::27017
2017/08/02 11:31:14 --> TOKEN  : GMWJGSAPGATLMODYLUMG
2017/08/02 11:31:14 --> ADDR :ec2-13-59-216-199.us-east-2.compute.amazonaws.com:27017
2017/08/02 11:31:20 --> TOKEN  : GMWJGSAPGATLMODYLUMG
2017/08/02 11:31:20 --> ADDR :ec2-13-59-216-199.us-east-2.compute.amazonaws.com:27017
2017/08/02 11:31:42 --> TOKEN  : GMWJGSAPGATLMODYLUMG
2017/08/02 11:31:42 --> ADDR :ec2-13-59-216-199.us-east-2.compute.amazonaws.com:27017
2017/08/02 11:31:44 CONNECTION  : [TOKEN]GMWJGSAPGATLMODYLUMG
2017/08/02 11:31:44 CONNECTION :  [MONGODB] 
2017/08/02 11:31:44 CONNECTION: [FUNCTION][CREANDO CONEXION POR CREDENCIALES ]
2017/08/02 11:31:44 --> TOKEN  : GMWJGSAPGATLMODYLUMG
2017/08/02 11:31:44 -->	USUARIO  : [ubuntu]
2017/08/02 11:31:44 --> TOKEN  : GMWJGSAPGATLMODYLUMG
2017/08/02 11:31:44 -->	PASSWORD  : [xxxxx...]
2017/08/02 11:31:44 --> TOKEN  : GMWJGSAPGATLMODYLUMG
2017/08/02 11:31:44 -->	DATABASE : [admin]
2017/08/02 11:31:44 --> TOKEN  : GMWJGSAPGATLMODYLUMG
2017/08/02 11:31:44 --> ADDR ::27017
2017/08/02 11:31:44 --> TOKEN  : GMWJGSAPGATLMODYLUMG
2017/08/02 11:31:44 --> ADDR :ec2-13-59-216-199.us-east-2.compute.amazonaws.com:27017
2017/08/02 11:31:46 --> TOKEN  : GMWJGSAPGATLMODYLUMG
2017/08/02 11:31:46 --> ADDR ::27017
2017/08/02 11:31:47 --> TOKEN  : GMWJGSAPGATLMODYLUMG
2017/08/02 11:31:47 --> ADDR ::27017
2017/08/02 11:31:50 --> TOKEN  : GMWJGSAPGATLMODYLUMG
2017/08/02 11:31:50 --> ADDR :ec2-13-59-216-199.us-east-2.compute.amazonaws.com:27017
2017/08/02 11:31:59 --> TOKEN  : GMWJGSAPGATLMODYLUMG
2017/08/02 11:31:59 --> ADDR :ec2-13-59-216-199.us-east-2.compute.amazonaws.com:27017
2017/08/02 11:32:03 CONNECTION  : [TOKEN]GMWJGSAPGATLMODYLUMG
2017/08/02 11:32:03 CONNECTION :  [MONGODB] 
2017/08/02 11:32:03 ERROR CAUSE : [no reachable servers]
2017/08/02 11:32:03 CONNECTION  : [TOKEN]GMWJGSAPGATLMODYLUMG
2017/08/02 11:32:03 CONNECTION :  [MONGODB] 
2017/08/02 11:32:03 ERROR CAUSE : [no reachable servers]
2017/08/02 11:32:03 CONNECTION  : [TOKEN]GMWJGSAPGATLMODYLUMG
2017/08/02 11:32:03 CONNECTION :  [MONGODB] 
2017/08/02 11:32:03 CONNECTION: [ERROR][CONN NO SE PUEDE COMUNICAR]
2017/08/02 11:32:03 --> TOKEN  : GMWJGSAPGATLMODYLUMG
2017/08/02 11:32:03 ---> FindBy : [No se pudo ejecutar debido a que la conexion fue rechazada]		
 --> PARAM 1 :test		
 --> PARAM 2 :people


2017/08/02 11:32:06 --> TOKEN  : GMWJGSAPGATLMODYLUMG
2017/08/02 11:32:06 --> ADDR :ec2-13-59-216-199.us-east-2.compute.amazonaws.com:27017
2017/08/02 11:32:27 --> TOKEN  : GMWJGSAPGATLMODYLUMG
2017/08/02 11:32:27 --> ADDR :ec2-13-59-216-199.us-east-2.compute.amazonaws.com:27017
2017/08/02 11:32:35 --> TOKEN  : GMWJGSAPGATLMODYLUMG
2017/08/02 11:32:35 --> ADDR :ec2-13-59-216-199.us-east-2.compute.amazonaws.com:27017
2017/08/02 11:32:49 CONNECTION  : [TOKEN]GMWJGSAPGATLMODYLUMG
2017/08/02 11:32:49 CONNECTION :  [MONGODB] 
2017/08/02 11:32:49 ERROR CAUSE : [no reachable servers]
2017/08/02 11:32:49 CONNECTION  : [TOKEN]GMWJGSAPGATLMODYLUMG
2017/08/02 11:32:49 CONNECTION :  [MONGODB] 
2017/08/02 11:32:49 ERROR CAUSE : [no reachable servers]
2017/08/02 11:32:49 CONNECTION  : [TOKEN]GMWJGSAPGATLMODYLUMG
2017/08/02 11:32:49 CONNECTION :  [MONGODB] 
2017/08/02 11:32:49 CONNECTION: [ERROR][CONN NO SE PUEDE COMUNICAR]
2017/08/02 11:32:49 --> TOKEN  : GMWJGSAPGATLMODYLUMG
2017/08/02 11:32:49 ---> FindBy : [No se pudo ejecutar debido a que la conexion fue rechazada]		
 --> PARAM 1 :test		
 --> PARAM 2 :people


